<?xml version="1.0" encoding="UTF-8"?>
<!-- Generated by org.testng.reporters.JUnitXMLReporter -->
<testsuite ignored="26" hostname="L7MN000108180" failures="14" tests="14" name="Surefire test" time="7.474" errors="0" timestamp="2021-02-20T12:21:14 CST">
  <testcase classname="com.mymatrix.qa.regressiontestcases.AirItineraryTest" name="@BeforeClass beforeClass" time="-1.613845274513E9">
    <failure type="org.testng.TestNGException" message="
Parameter &amp;apos;dataTable&amp;apos; is required by BeforeClass on method beforeClass but has not been marked @Optional or defined
">
      <![CDATA[org.testng.TestNGException: 
Parameter 'dataTable' is required by BeforeClass on method beforeClass but has not been marked @Optional or defined

at java.base/java.util.ArrayList.forEach(ArrayList.java:1510)
... Removed 27 stack frames]]>
    </failure>
  </testcase> <!-- @BeforeClass beforeClass -->
  <testcase classname="com.mymatrix.qa.regressiontestcases.CreateClientFileTest" name="@BeforeClass beforeClass" time="-1.613845274584E9">
    <failure type="org.testng.TestNGException" message="
Parameter &amp;apos;dataTable&amp;apos; is required by BeforeClass on method beforeClass but has not been marked @Optional or defined
">
      <![CDATA[org.testng.TestNGException: 
Parameter 'dataTable' is required by BeforeClass on method beforeClass but has not been marked @Optional or defined

at java.base/java.util.ArrayList.forEach(ArrayList.java:1510)
... Removed 27 stack frames]]>
    </failure>
  </testcase> <!-- @BeforeClass beforeClass -->
  <testcase classname="com.mymatrix.qa.regressiontestcases.HotelItineraryTest" name="@BeforeClass beforeClass" time="-1.613845274596E9">
    <failure type="org.testng.TestNGException" message="
Parameter &amp;apos;dataTable&amp;apos; is required by BeforeClass on method beforeClass but has not been marked @Optional or defined
">
      <![CDATA[org.testng.TestNGException: 
Parameter 'dataTable' is required by BeforeClass on method beforeClass but has not been marked @Optional or defined

at java.base/java.util.ArrayList.forEach(ArrayList.java:1510)
... Removed 27 stack frames]]>
    </failure>
  </testcase> <!-- @BeforeClass beforeClass -->
  <testcase classname="com.mymatrix.qa.regressiontestcases.TicketTest" name="@BeforeClass beforeClass" time="-1.613845274618E9">
    <failure type="org.testng.TestNGException" message="
Parameter &amp;apos;dataTable&amp;apos; is required by BeforeClass on method beforeClass but has not been marked @Optional or defined
">
      <![CDATA[org.testng.TestNGException: 
Parameter 'dataTable' is required by BeforeClass on method beforeClass but has not been marked @Optional or defined

at java.base/java.util.ArrayList.forEach(ArrayList.java:1510)
... Removed 27 stack frames]]>
    </failure>
  </testcase> <!-- @BeforeClass beforeClass -->
  <testcase classname="com.mymatrix.qa.regressiontestcases.TravelerTest" name="@BeforeClass beforeClass" time="-1.613845274624E9">
    <failure type="org.testng.TestNGException" message="
Parameter &amp;apos;dataTable&amp;apos; is required by BeforeClass on method beforeClass but has not been marked @Optional or defined
">
      <![CDATA[org.testng.TestNGException: 
Parameter 'dataTable' is required by BeforeClass on method beforeClass but has not been marked @Optional or defined

at java.base/java.util.ArrayList.forEach(ArrayList.java:1510)
... Removed 27 stack frames]]>
    </failure>
  </testcase> <!-- @BeforeClass beforeClass -->
  <testcase classname="com.mymatrix.qa.testcases.AirItineraryPageTest" name="@BeforeClass beforeClass" time="-1.613845274629E9">
    <failure type="org.testng.TestNGException" message="
Parameter &amp;apos;dataTable&amp;apos; is required by BeforeClass on method beforeClass but has not been marked @Optional or defined
">
      <![CDATA[org.testng.TestNGException: 
Parameter 'dataTable' is required by BeforeClass on method beforeClass but has not been marked @Optional or defined

at java.base/java.util.ArrayList.forEach(ArrayList.java:1510)
... Removed 27 stack frames]]>
    </failure>
  </testcase> <!-- @BeforeClass beforeClass -->
  <testcase classname="com.mymatrix.qa.testcases.ChangeBranchPageTest" name="@BeforeClass beforeClass" time="-1.613845274634E9">
    <failure type="org.testng.TestNGException" message="
Parameter &amp;apos;dataTable&amp;apos; is required by BeforeClass on method beforeClass but has not been marked @Optional or defined
">
      <![CDATA[org.testng.TestNGException: 
Parameter 'dataTable' is required by BeforeClass on method beforeClass but has not been marked @Optional or defined

at java.base/java.util.ArrayList.forEach(ArrayList.java:1510)
... Removed 27 stack frames]]>
    </failure>
  </testcase> <!-- @BeforeClass beforeClass -->
  <testcase classname="com.mymatrix.qa.testcases.HotelItineraryPageTest" name="@BeforeClass beforeClass" time="-1.613845274641E9">
    <failure type="org.testng.TestNGException" message="
Parameter &amp;apos;dataTable&amp;apos; is required by BeforeClass on method beforeClass but has not been marked @Optional or defined
">
      <![CDATA[org.testng.TestNGException: 
Parameter 'dataTable' is required by BeforeClass on method beforeClass but has not been marked @Optional or defined

at java.base/java.util.ArrayList.forEach(ArrayList.java:1510)
... Removed 27 stack frames]]>
    </failure>
  </testcase> <!-- @BeforeClass beforeClass -->
  <testcase classname="com.mymatrix.qa.testcases.IRQueueCountPageTest" name="@BeforeClass beforeClass" time="-1.613845274645E9">
    <failure type="org.testng.TestNGException" message="
Parameter &amp;apos;dataTable&amp;apos; is required by BeforeClass on method beforeClass but has not been marked @Optional or defined
">
      <![CDATA[org.testng.TestNGException: 
Parameter 'dataTable' is required by BeforeClass on method beforeClass but has not been marked @Optional or defined

at java.base/java.util.ArrayList.forEach(ArrayList.java:1510)
... Removed 27 stack frames]]>
    </failure>
  </testcase> <!-- @BeforeClass beforeClass -->
  <testcase classname="com.mymatrix.qa.testcases.LoginPageTest" name="@BeforeClass beforeClass" time="-1.613845274649E9">
    <failure type="org.testng.TestNGException" message="
Parameter &amp;apos;dataTable&amp;apos; is required by BeforeClass on method beforeClass but has not been marked @Optional or defined
">
      <![CDATA[org.testng.TestNGException: 
Parameter 'dataTable' is required by BeforeClass on method beforeClass but has not been marked @Optional or defined

at java.base/java.util.ArrayList.forEach(ArrayList.java:1510)
... Removed 27 stack frames]]>
    </failure>
  </testcase> <!-- @BeforeClass beforeClass -->
  <testcase classname="com.mymatrix.qa.testcases.QueueCountPageTest" name="@BeforeClass beforeClass" time="-1.613845274653E9">
    <failure type="org.testng.TestNGException" message="
Parameter &amp;apos;dataTable&amp;apos; is required by BeforeClass on method beforeClass but has not been marked @Optional or defined
">
      <![CDATA[org.testng.TestNGException: 
Parameter 'dataTable' is required by BeforeClass on method beforeClass but has not been marked @Optional or defined

at java.base/java.util.ArrayList.forEach(ArrayList.java:1510)
... Removed 27 stack frames]]>
    </failure>
  </testcase> <!-- @BeforeClass beforeClass -->
  <testcase classname="com.mymatrix.qa.testcases.SearchClientFilePageTest" name="@BeforeClass beforeClass" time="-1.613845274657E9">
    <failure type="org.testng.TestNGException" message="
Parameter &amp;apos;dataTable&amp;apos; is required by BeforeClass on method beforeClass but has not been marked @Optional or defined
">
      <![CDATA[org.testng.TestNGException: 
Parameter 'dataTable' is required by BeforeClass on method beforeClass but has not been marked @Optional or defined

at java.base/java.util.ArrayList.forEach(ArrayList.java:1510)
... Removed 27 stack frames]]>
    </failure>
  </testcase> <!-- @BeforeClass beforeClass -->
  <testcase classname="com.mymatrix.qa.testcases.TicketPageTest" name="@BeforeClass beforeClass" time="-1.613845274661E9">
    <failure type="org.testng.TestNGException" message="
Parameter &amp;apos;dataTable&amp;apos; is required by BeforeClass on method beforeClass but has not been marked @Optional or defined
">
      <![CDATA[org.testng.TestNGException: 
Parameter 'dataTable' is required by BeforeClass on method beforeClass but has not been marked @Optional or defined

at java.base/java.util.ArrayList.forEach(ArrayList.java:1510)
... Removed 27 stack frames]]>
    </failure>
  </testcase> <!-- @BeforeClass beforeClass -->
  <testcase classname="com.mymatrix.qa.testcases.TravelerPageTest" name="@BeforeClass beforeClass" time="-1.613845274666E9">
    <failure type="org.testng.TestNGException" message="
Parameter &amp;apos;dataTable&amp;apos; is required by BeforeClass on method beforeClass but has not been marked @Optional or defined
">
      <![CDATA[org.testng.TestNGException: 
Parameter 'dataTable' is required by BeforeClass on method beforeClass but has not been marked @Optional or defined

at java.base/java.util.ArrayList.forEach(ArrayList.java:1510)
... Removed 27 stack frames]]>
    </failure>
  </testcase> <!-- @BeforeClass beforeClass -->
  <testcase classname="com.mymatrix.qa.regressiontestcases.AirItineraryTest" name="airItineraryPageTest" time="0.0">
    <failure type="org.testng.TestNGException" message="
Data Provider public java.lang.String[][] com.mymatrix.qa.util.ExcelMethods.getDataTable() returned a null value">
      <![CDATA[org.testng.TestNGException: 
Data Provider public java.lang.String[][] com.mymatrix.qa.util.ExcelMethods.getDataTable() returned a null value
at java.base/java.util.ArrayList.forEach(ArrayList.java:1510)
... Removed 29 stack frames]]>
    </failure>
  </testcase> <!-- airItineraryPageTest -->
  <testcase classname="com.mymatrix.qa.regressiontestcases.CreateClientFileTest" name="searchClientFilePageTest" time="0.0">
    <failure type="org.testng.TestNGException" message="
Data Provider public java.lang.String[][] com.mymatrix.qa.util.ExcelMethods.getDataTable() returned a null value">
      <![CDATA[org.testng.TestNGException: 
Data Provider public java.lang.String[][] com.mymatrix.qa.util.ExcelMethods.getDataTable() returned a null value
at java.base/java.util.ArrayList.forEach(ArrayList.java:1510)
... Removed 29 stack frames]]>
    </failure>
  </testcase> <!-- searchClientFilePageTest -->
  <testcase classname="com.mymatrix.qa.regressiontestcases.HotelItineraryTest" name="hotelItineraryPageTest" time="0.0">
    <failure type="org.testng.TestNGException" message="
Data Provider public java.lang.String[][] com.mymatrix.qa.util.ExcelMethods.getDataTable() returned a null value">
      <![CDATA[org.testng.TestNGException: 
Data Provider public java.lang.String[][] com.mymatrix.qa.util.ExcelMethods.getDataTable() returned a null value
at java.base/java.util.ArrayList.forEach(ArrayList.java:1510)
... Removed 29 stack frames]]>
    </failure>
  </testcase> <!-- hotelItineraryPageTest -->
  <testcase classname="com.mymatrix.qa.regressiontestcases.TicketTest" name="ticketPageTest" time="0.0">
    <failure type="org.testng.TestNGException" message="
Data Provider public java.lang.String[][] com.mymatrix.qa.util.ExcelMethods.getDataTable() returned a null value">
      <![CDATA[org.testng.TestNGException: 
Data Provider public java.lang.String[][] com.mymatrix.qa.util.ExcelMethods.getDataTable() returned a null value
at java.base/java.util.ArrayList.forEach(ArrayList.java:1510)
... Removed 29 stack frames]]>
    </failure>
  </testcase> <!-- ticketPageTest -->
  <testcase classname="com.mymatrix.qa.regressiontestcases.TravelerTest" name="travelerPageTest" time="0.0">
    <failure type="org.testng.TestNGException" message="
Data Provider public java.lang.String[][] com.mymatrix.qa.util.ExcelMethods.getDataTable() returned a null value">
      <![CDATA[org.testng.TestNGException: 
Data Provider public java.lang.String[][] com.mymatrix.qa.util.ExcelMethods.getDataTable() returned a null value
at java.base/java.util.ArrayList.forEach(ArrayList.java:1510)
... Removed 29 stack frames]]>
    </failure>
  </testcase> <!-- travelerPageTest -->
  <testcase classname="com.mymatrix.qa.testcases.AirItineraryPageTest" name="airItineraryPageTest" time="0.0">
    <failure type="org.testng.TestNGException" message="
Data Provider public java.lang.String[][] com.mymatrix.qa.util.ExcelMethods.getDataTable() returned a null value">
      <![CDATA[org.testng.TestNGException: 
Data Provider public java.lang.String[][] com.mymatrix.qa.util.ExcelMethods.getDataTable() returned a null value
at java.base/java.util.ArrayList.forEach(ArrayList.java:1510)
... Removed 29 stack frames]]>
    </failure>
  </testcase> <!-- airItineraryPageTest -->
  <testcase classname="com.mymatrix.qa.testcases.ChangeBranchPageTest" name="changeBranchPageTest" time="0.0">
    <failure type="org.testng.TestNGException" message="
Data Provider public java.lang.String[][] com.mymatrix.qa.util.ExcelMethods.getDataTable() returned a null value">
      <![CDATA[org.testng.TestNGException: 
Data Provider public java.lang.String[][] com.mymatrix.qa.util.ExcelMethods.getDataTable() returned a null value
at java.base/java.util.ArrayList.forEach(ArrayList.java:1510)
... Removed 29 stack frames]]>
    </failure>
  </testcase> <!-- changeBranchPageTest -->
  <testcase classname="com.mymatrix.qa.testcases.HotelItineraryPageTest" name="hotelItineraryPageTest" time="0.0">
    <failure type="org.testng.TestNGException" message="
Data Provider public java.lang.String[][] com.mymatrix.qa.util.ExcelMethods.getDataTable() returned a null value">
      <![CDATA[org.testng.TestNGException: 
Data Provider public java.lang.String[][] com.mymatrix.qa.util.ExcelMethods.getDataTable() returned a null value
at java.base/java.util.ArrayList.forEach(ArrayList.java:1510)
... Removed 29 stack frames]]>
    </failure>
  </testcase> <!-- hotelItineraryPageTest -->
  <testcase classname="com.mymatrix.qa.testcases.IRQueueCountPageTest" name="irQueueCountPageTest" time="0.0">
    <failure type="org.testng.TestNGException" message="
Data Provider public java.lang.String[][] com.mymatrix.qa.util.ExcelMethods.getDataTable() returned a null value">
      <![CDATA[org.testng.TestNGException: 
Data Provider public java.lang.String[][] com.mymatrix.qa.util.ExcelMethods.getDataTable() returned a null value
at java.base/java.util.ArrayList.forEach(ArrayList.java:1510)
... Removed 29 stack frames]]>
    </failure>
  </testcase> <!-- irQueueCountPageTest -->
  <testcase classname="com.mymatrix.qa.testcases.LoginPageTest" name="loginTest" time="0.0">
    <failure type="org.testng.TestNGException" message="
Data Provider public java.lang.String[][] com.mymatrix.qa.util.ExcelMethods.getDataTable() returned a null value">
      <![CDATA[org.testng.TestNGException: 
Data Provider public java.lang.String[][] com.mymatrix.qa.util.ExcelMethods.getDataTable() returned a null value
at java.base/java.util.ArrayList.forEach(ArrayList.java:1510)
... Removed 29 stack frames]]>
    </failure>
  </testcase> <!-- loginTest -->
  <testcase classname="com.mymatrix.qa.testcases.QueueCountPageTest" name="queueCountPageTest" time="0.0">
    <failure type="org.testng.TestNGException" message="
Data Provider public java.lang.String[][] com.mymatrix.qa.util.ExcelMethods.getDataTable() returned a null value">
      <![CDATA[org.testng.TestNGException: 
Data Provider public java.lang.String[][] com.mymatrix.qa.util.ExcelMethods.getDataTable() returned a null value
at java.base/java.util.ArrayList.forEach(ArrayList.java:1510)
... Removed 29 stack frames]]>
    </failure>
  </testcase> <!-- queueCountPageTest -->
  <testcase classname="com.mymatrix.qa.testcases.SearchClientFilePageTest" name="searchClientFilePageTest" time="0.0">
    <failure type="org.testng.TestNGException" message="
Data Provider public java.lang.String[][] com.mymatrix.qa.util.ExcelMethods.getDataTable() returned a null value">
      <![CDATA[org.testng.TestNGException: 
Data Provider public java.lang.String[][] com.mymatrix.qa.util.ExcelMethods.getDataTable() returned a null value
at java.base/java.util.ArrayList.forEach(ArrayList.java:1510)
... Removed 29 stack frames]]>
    </failure>
  </testcase> <!-- searchClientFilePageTest -->
  <testcase classname="com.mymatrix.qa.testcases.TicketPageTest" name="ticketPageTest" time="0.0">
    <failure type="org.testng.TestNGException" message="
Data Provider public java.lang.String[][] com.mymatrix.qa.util.ExcelMethods.getDataTable() returned a null value">
      <![CDATA[org.testng.TestNGException: 
Data Provider public java.lang.String[][] com.mymatrix.qa.util.ExcelMethods.getDataTable() returned a null value
at java.base/java.util.ArrayList.forEach(ArrayList.java:1510)
... Removed 29 stack frames]]>
    </failure>
  </testcase> <!-- ticketPageTest -->
  <testcase classname="com.mymatrix.qa.testcases.TravelerPageTest" name="travelerPageTest" time="0.0">
    <failure type="org.testng.TestNGException" message="
Data Provider public java.lang.String[][] com.mymatrix.qa.util.ExcelMethods.getDataTable() returned a null value">
      <![CDATA[org.testng.TestNGException: 
Data Provider public java.lang.String[][] com.mymatrix.qa.util.ExcelMethods.getDataTable() returned a null value
at java.base/java.util.ArrayList.forEach(ArrayList.java:1510)
... Removed 29 stack frames]]>
    </failure>
  </testcase> <!-- travelerPageTest -->
  <testcase classname="com.mymatrix.qa.base.TestBase" name="@AfterSuite afterSuite" time="0.0">
    <ignored/>
  </testcase> <!-- @AfterSuite afterSuite -->
  <testcase classname="com.mymatrix.qa.base.TestBase" name="@AfterSuite afterSuite" time="0.0">
    <ignored/>
  </testcase> <!-- @AfterSuite afterSuite -->
  <testcase classname="com.mymatrix.qa.base.TestBase" name="@AfterSuite afterSuite" time="0.0">
    <ignored/>
  </testcase> <!-- @AfterSuite afterSuite -->
  <testcase classname="com.mymatrix.qa.base.TestBase" name="@AfterSuite afterSuite" time="0.0">
    <ignored/>
  </testcase> <!-- @AfterSuite afterSuite -->
  <testcase classname="com.mymatrix.qa.base.TestBase" name="@AfterSuite afterSuite" time="0.0">
    <ignored/>
  </testcase> <!-- @AfterSuite afterSuite -->
  <testcase classname="com.mymatrix.qa.base.TestBase" name="@AfterSuite afterSuite" time="0.0">
    <ignored/>
  </testcase> <!-- @AfterSuite afterSuite -->
  <testcase classname="com.mymatrix.qa.base.TestBase" name="@AfterSuite afterSuite" time="0.0">
    <ignored/>
  </testcase> <!-- @AfterSuite afterSuite -->
  <testcase classname="com.mymatrix.qa.base.TestBase" name="@AfterSuite afterSuite" time="0.0">
    <ignored/>
  </testcase> <!-- @AfterSuite afterSuite -->
  <testcase classname="com.mymatrix.qa.base.TestBase" name="@AfterSuite afterSuite" time="0.0">
    <ignored/>
  </testcase> <!-- @AfterSuite afterSuite -->
  <testcase classname="com.mymatrix.qa.base.TestBase" name="@AfterSuite afterSuite" time="0.0">
    <ignored/>
  </testcase> <!-- @AfterSuite afterSuite -->
  <testcase classname="com.mymatrix.qa.base.TestBase" name="@AfterSuite afterSuite" time="0.0">
    <ignored/>
  </testcase> <!-- @AfterSuite afterSuite -->
  <testcase classname="com.mymatrix.qa.base.TestBase" name="@AfterSuite afterSuite" time="0.0">
    <ignored/>
  </testcase> <!-- @AfterSuite afterSuite -->
  <testcase classname="com.mymatrix.qa.base.TestBase" name="@AfterSuite afterSuite" time="0.0">
    <ignored/>
  </testcase> <!-- @AfterSuite afterSuite -->
  <testcase classname="com.mymatrix.qa.base.TestBase" name="@BeforeTest beforeSuite" time="0.0">
    <ignored/>
  </testcase> <!-- @BeforeTest beforeSuite -->
  <testcase classname="com.mymatrix.qa.base.TestBase" name="@BeforeTest beforeSuite" time="0.0">
    <ignored/>
  </testcase> <!-- @BeforeTest beforeSuite -->
  <testcase classname="com.mymatrix.qa.base.TestBase" name="@BeforeTest beforeSuite" time="0.0">
    <ignored/>
  </testcase> <!-- @BeforeTest beforeSuite -->
  <testcase classname="com.mymatrix.qa.base.TestBase" name="@BeforeTest beforeSuite" time="0.0">
    <ignored/>
  </testcase> <!-- @BeforeTest beforeSuite -->
  <testcase classname="com.mymatrix.qa.base.TestBase" name="@BeforeTest beforeSuite" time="0.0">
    <ignored/>
  </testcase> <!-- @BeforeTest beforeSuite -->
  <testcase classname="com.mymatrix.qa.base.TestBase" name="@BeforeTest beforeSuite" time="0.0">
    <ignored/>
  </testcase> <!-- @BeforeTest beforeSuite -->
  <testcase classname="com.mymatrix.qa.base.TestBase" name="@BeforeTest beforeSuite" time="0.0">
    <ignored/>
  </testcase> <!-- @BeforeTest beforeSuite -->
  <testcase classname="com.mymatrix.qa.base.TestBase" name="@BeforeTest beforeSuite" time="0.0">
    <ignored/>
  </testcase> <!-- @BeforeTest beforeSuite -->
  <testcase classname="com.mymatrix.qa.base.TestBase" name="@BeforeTest beforeSuite" time="0.0">
    <ignored/>
  </testcase> <!-- @BeforeTest beforeSuite -->
  <testcase classname="com.mymatrix.qa.base.TestBase" name="@BeforeTest beforeSuite" time="0.0">
    <ignored/>
  </testcase> <!-- @BeforeTest beforeSuite -->
  <testcase classname="com.mymatrix.qa.base.TestBase" name="@BeforeTest beforeSuite" time="0.0">
    <ignored/>
  </testcase> <!-- @BeforeTest beforeSuite -->
  <testcase classname="com.mymatrix.qa.base.TestBase" name="@BeforeTest beforeSuite" time="0.0">
    <ignored/>
  </testcase> <!-- @BeforeTest beforeSuite -->
  <testcase classname="com.mymatrix.qa.base.TestBase" name="@BeforeTest beforeSuite" time="0.0">
    <ignored/>
  </testcase> <!-- @BeforeTest beforeSuite -->
</testsuite> <!-- Surefire test -->
